<?xml version="1.0" encoding="UTF-8"?>
<!-- Generated by org.testng.reporters.JUnitXMLReporter -->
<testsuite ignored="4" hostname="DESKTOP-H5MG9OP" failures="0" tests="8" name="WebClientSaasAppTest" time="32.348" errors="0" timestamp="2022-04-24T15:13:33 IST">
  <testcase classname="com.saas.app.testCases.TC_LoginPage" name="valLoginPageTest" time="4.66"/>
  <testcase classname="com.saas.app.testCases.TC_ContactsPage" name="valCreateNewContact" time="4.65"/>
  <testcase classname="com.saas.app.testCases.TC_ContactsPage" name="valCreateNewContact" time="4.412"/>
  <testcase classname="com.saas.app.testCases.TC_ContactsPage" name="valCreateNewContact" time="4.371"/>
  <testcase classname="com.saas.app.testCases.TC_ContactsPage" name="valCreateNewContact" time="4.298"/>
  <testcase classname="com.saas.app.testCases.TC_ContactsPage" name="valCreateNewContact" time="4.45"/>
  <testcase classname="com.saas.app.testCases.TC_ContactsPage" name="valCreateNewContact" time="4.372"/>
  <testcase classname="com.saas.app.testCases.TC_LogoutPage" name="logoutPageTest" time="0.483"/>
  <testcase classname="com.saas.app.pageObjects.BaseClass" name="@AfterSuite shutDownEnvironment" time="0.0">
    <ignored/>
  </testcase> <!-- @AfterSuite shutDownEnvironment -->
  <testcase classname="com.saas.app.pageObjects.BaseClass" name="@BeforeSuite initEnvironment" time="0.0">
    <ignored/>
  </testcase> <!-- @BeforeSuite initEnvironment -->
  <testcase classname="com.saas.app.pageObjects.BaseClass" name="@BeforeSuite initEnvironment" time="0.0">
    <ignored/>
  </testcase> <!-- @BeforeSuite initEnvironment -->
  <testcase classname="com.saas.app.pageObjects.BaseClass" name="@AfterSuite shutDownEnvironment" time="0.0">
    <ignored/>
  </testcase> <!-- @AfterSuite shutDownEnvironment -->
</testsuite> <!-- WebClientSaasAppTest -->
