<?xml version="1.0" encoding="UTF-8"?>
<!-- Generated by org.testng.reporters.JUnitXMLReporter -->
<testsuite ignored="4" hostname="DESKTOP-H5MG9OP" failures="0" tests="4" name="Web Client Saas Application Test" time="16.709" errors="0" timestamp="2022-05-01T17:00:02 IST">
  <testcase classname="com.saas.app.testCases.TC_LoginPage" name="valLoginPageTest" time="5.624"/>
  <testcase classname="com.saas.app.testCases.TC_ContactsPage" name="valCreateNewContact" time="4.706"/>
  <testcase classname="com.saas.app.testCases.TC_ContactsPage" name="valCreateNewContact" time="4.669"/>
  <testcase classname="com.saas.app.testCases.TC_LogoutPage" name="logoutPageTest" time="0.911"/>
  <testcase classname="com.saas.app.pageObjects.BaseClass" name="@AfterSuite shutDownEnvironment" time="0.0">
    <ignored/>
  </testcase> <!-- @AfterSuite shutDownEnvironment -->
  <testcase classname="com.saas.app.pageObjects.BaseClass" name="@AfterSuite shutDownEnvironment" time="0.0">
    <ignored/>
  </testcase> <!-- @AfterSuite shutDownEnvironment -->
  <testcase classname="com.saas.app.pageObjects.BaseClass" name="@BeforeSuite initEnvironment" time="0.0">
    <ignored/>
  </testcase> <!-- @BeforeSuite initEnvironment -->
  <testcase classname="com.saas.app.pageObjects.BaseClass" name="@BeforeSuite initEnvironment" time="0.0">
    <ignored/>
  </testcase> <!-- @BeforeSuite initEnvironment -->
</testsuite> <!-- Web Client Saas Application Test -->
