<?xml version="1.0" encoding="UTF-8"?>
<!-- Generated by org.testng.reporters.JUnitXMLReporter -->
<testsuite ignored="0" hostname="DESKTOP-H5MG9OP" failures="0" tests="6" name="Default test" time="0.626" errors="0" timestamp="2022-04-24T12:42:37 IST">
  <testcase classname="com.saas.app.testCases.TC_ContactsPage" name="registerUser" time="0.006"/>
  <testcase classname="com.saas.app.testCases.TC_ContactsPage" name="registerUser" time="0.002"/>
  <testcase classname="com.saas.app.testCases.TC_ContactsPage" name="registerUser" time="0.001"/>
  <testcase classname="com.saas.app.testCases.TC_ContactsPage" name="registerUser" time="0.002"/>
  <testcase classname="com.saas.app.testCases.TC_ContactsPage" name="registerUser" time="0.001"/>
  <testcase classname="com.saas.app.testCases.TC_ContactsPage" name="registerUser" time="0.001"/>
</testsuite> <!-- Default test -->
