<?xml version="1.0" encoding="UTF-8"?>
<testng-results ignored="0" total="1" passed="1" failed="0" skipped="0">
  <reporter-output>
  </reporter-output>
  <suite started-at="2022-04-05T22:36:59 IST" name="Default suite" finished-at="2022-04-05T22:36:59 IST" duration-ms="52">
    <groups>
    </groups>
    <test started-at="2022-04-05T22:36:59 IST" name="Default test" finished-at="2022-04-05T22:36:59 IST" duration-ms="52">
      <class name="unittest.UnitTest">
        <test-method signature="test()[pri:0, instance:unittest.UnitTest@544820b7]" started-at="2022-04-05T22:36:59 IST" name="test" finished-at="2022-04-05T22:36:59 IST" duration-ms="26" status="PASS">
          <reporter-output>
          </reporter-output>
        </test-method> <!-- test -->
      </class> <!-- unittest.UnitTest -->
    </test> <!-- Default test -->
  </suite> <!-- Default suite -->
</testng-results>
